2022-07-12 19:24:29,198 - INFO - Log directory: ./log/PEMS07M/TGCRN
2022-07-12 19:24:29,198 - INFO - adj_mx=None, batch_size=64, cheb_k=2, column_wise=False, cuda=True, cudaid=6, dataset='PEMS07M', debug=False, default_graph=True, device=device(type='cuda'), disc='TranNoaW04', distance_file='data/PEMS07/PEMS07.csv', early_stop=True, early_stop_patience=15, embed_dim=10, epochs=300, exp_id=1, grad_norm=False, horizon=12, id_filename='None', input_dim=1, lag=12, log_dir='./log/PEMS07M/TGCRN', log_step=20, loss_func='mae', lr_decay=False, lr_decay_rate=0.3, lr_decay_step='5,20,40,70', lr_init=0.003, mae_thresh=None, mape_thresh=0.0, max_grad_norm=5, mode='train', model='TGCRN', model_dir='./pre-trained/PEMS07M/TGCRN', normalizer='std', num_layers=2, num_nodes=228, output_dim=1, plot=False, real_value=True, rnn_units=64, runs=1, seed=10, teacher_forcing=False, test_ratio=0.2, tod=False, type='connectivity', val_ratio=0.2, weight_decay=0.0004
2022-07-12 19:24:29,198 - INFO - Experiment log path in: ./log/PEMS07M/TGCRN
2022-07-12 19:24:29,207 - INFO - 

-------------The Running is:0-------------
2022-07-12 19:24:53,654 - INFO - *****************Model Parameter*****************
2022-07-12 19:24:53,663 - INFO - Total params num: 802905
2022-07-12 19:24:53,663 - INFO - *****************Finish Parameter****************
2022-07-12 19:24:54,875 - INFO - Experiment best-model path in: ./pre-trained/PEMS07M/TGCRN/1_TranNoaW04best_model0.pth
2022-07-12 19:24:57,395 - INFO - Train Epoch 1: 0/118 Loss: 58.888466
2022-07-12 19:25:03,311 - INFO - Train Epoch 1: 20/118 Loss: 9.202820
2022-07-12 19:25:08,240 - INFO - Train Epoch 1: 40/118 Loss: 8.397068
2022-07-12 19:25:13,235 - INFO - Train Epoch 1: 60/118 Loss: 8.986287
2022-07-12 19:25:18,260 - INFO - Train Epoch 1: 80/118 Loss: 8.345522
2022-07-12 19:25:23,264 - INFO - Train Epoch 1: 100/118 Loss: 7.415118
2022-07-12 19:25:27,472 - INFO - **********Train Epoch 1: averaged Loss: 11.210279, tf_ratio: 1.000000
2022-07-12 19:25:30,500 - INFO - **********Val Epoch 1: average Loss: 5.834291
2022-07-12 19:25:30,514 - INFO - **********Epoch 001:Training Time: 32.5981s/epoch, Inference Time: 3.0414s/epoch
2022-07-12 19:25:30,515 - INFO - *********************************Current best model saved!
2022-07-12 19:25:30,771 - INFO - Train Epoch 2: 0/118 Loss: 5.640924
2022-07-12 19:25:36,244 - INFO - Train Epoch 2: 20/118 Loss: 3.527742
2022-07-12 19:25:42,005 - INFO - Train Epoch 2: 40/118 Loss: 3.175193
2022-07-12 19:25:46,997 - INFO - Train Epoch 2: 60/118 Loss: 3.578491
2022-07-12 19:25:52,009 - INFO - Train Epoch 2: 80/118 Loss: 2.821064
2022-07-12 19:25:57,002 - INFO - Train Epoch 2: 100/118 Loss: 2.963063
2022-07-12 19:26:01,245 - INFO - **********Train Epoch 2: averaged Loss: 3.331853, tf_ratio: 1.000000
2022-07-12 19:26:04,272 - INFO - **********Val Epoch 2: average Loss: 3.232325
2022-07-12 19:26:04,272 - INFO - **********Epoch 002:Training Time: 30.7250s/epoch, Inference Time: 3.0257s/epoch
2022-07-12 19:26:04,272 - INFO - *********************************Current best model saved!
2022-07-12 19:26:04,528 - INFO - Train Epoch 3: 0/118 Loss: 3.022380
2022-07-12 19:26:09,545 - INFO - Train Epoch 3: 20/118 Loss: 2.985683
2022-07-12 19:26:14,570 - INFO - Train Epoch 3: 40/118 Loss: 2.875610
2022-07-12 19:26:19,626 - INFO - Train Epoch 3: 60/118 Loss: 3.211877
2022-07-12 19:26:24,603 - INFO - Train Epoch 3: 80/118 Loss: 2.976466
2022-07-12 19:26:29,615 - INFO - Train Epoch 3: 100/118 Loss: 2.901535
2022-07-12 19:26:33,891 - INFO - **********Train Epoch 3: averaged Loss: 3.025452, tf_ratio: 1.000000
2022-07-12 19:26:36,963 - INFO - **********Val Epoch 3: average Loss: 3.134994
2022-07-12 19:26:36,964 - INFO - **********Epoch 003:Training Time: 29.6135s/epoch, Inference Time: 3.0709s/epoch
2022-07-12 19:26:36,964 - INFO - *********************************Current best model saved!
2022-07-12 19:26:37,222 - INFO - Train Epoch 4: 0/118 Loss: 3.113894
2022-07-12 19:26:42,259 - INFO - Train Epoch 4: 20/118 Loss: 2.754997
2022-07-12 19:26:47,282 - INFO - Train Epoch 4: 40/118 Loss: 3.020304
2022-07-12 19:26:53,216 - INFO - Train Epoch 4: 60/118 Loss: 3.084476
2022-07-12 19:26:58,216 - INFO - Train Epoch 4: 80/118 Loss: 2.808137
2022-07-12 19:27:03,247 - INFO - Train Epoch 4: 100/118 Loss: 2.545713
2022-07-12 19:27:07,548 - INFO - **********Train Epoch 4: averaged Loss: 2.881117, tf_ratio: 1.000000
2022-07-12 19:27:10,620 - INFO - **********Val Epoch 4: average Loss: 2.985301
2022-07-12 19:27:10,621 - INFO - **********Epoch 004:Training Time: 30.5792s/epoch, Inference Time: 3.0703s/epoch
2022-07-12 19:27:10,621 - INFO - *********************************Current best model saved!
2022-07-12 19:27:10,879 - INFO - Train Epoch 5: 0/118 Loss: 3.001695
2022-07-12 19:27:15,905 - INFO - Train Epoch 5: 20/118 Loss: 2.395464
2022-07-12 19:27:20,932 - INFO - Train Epoch 5: 40/118 Loss: 2.403111
2022-07-12 19:27:25,935 - INFO - Train Epoch 5: 60/118 Loss: 2.750613
2022-07-12 19:27:30,932 - INFO - Train Epoch 5: 80/118 Loss: 2.548722
2022-07-12 19:27:35,966 - INFO - Train Epoch 5: 100/118 Loss: 2.623180
2022-07-12 19:27:40,244 - INFO - **********Train Epoch 5: averaged Loss: 2.808285, tf_ratio: 1.000000
2022-07-12 19:27:43,283 - INFO - **********Val Epoch 5: average Loss: 3.157519
2022-07-12 19:27:47,744 - INFO - **********Epoch 005:Training Time: 29.6176s/epoch, Inference Time: 7.4987s/epoch
2022-07-12 19:27:48,017 - INFO - Train Epoch 6: 0/118 Loss: 3.066251
2022-07-12 19:27:53,110 - INFO - Train Epoch 6: 20/118 Loss: 2.842338
2022-07-12 19:27:58,168 - INFO - Train Epoch 6: 40/118 Loss: 2.919242
2022-07-12 19:28:03,186 - INFO - Train Epoch 6: 60/118 Loss: 2.797470
2022-07-12 19:28:08,201 - INFO - Train Epoch 6: 80/118 Loss: 2.825713
2022-07-12 19:28:17,592 - INFO - Train Epoch 6: 100/118 Loss: 2.774785
2022-07-12 19:28:21,847 - INFO - **********Train Epoch 6: averaged Loss: 2.698932, tf_ratio: 1.000000
2022-07-12 19:28:24,890 - INFO - **********Val Epoch 6: average Loss: 2.892234
2022-07-12 19:28:24,891 - INFO - **********Epoch 006:Training Time: 34.1041s/epoch, Inference Time: 3.0425s/epoch
2022-07-12 19:28:24,891 - INFO - *********************************Current best model saved!
2022-07-12 19:28:25,149 - INFO - Train Epoch 7: 0/118 Loss: 2.533747
2022-07-12 19:28:30,165 - INFO - Train Epoch 7: 20/118 Loss: 2.652062
2022-07-12 19:28:35,187 - INFO - Train Epoch 7: 40/118 Loss: 2.797879
2022-07-12 19:28:40,791 - INFO - Train Epoch 7: 60/118 Loss: 2.871077
2022-07-12 19:28:45,786 - INFO - Train Epoch 7: 80/118 Loss: 2.575367
2022-07-12 19:28:50,787 - INFO - Train Epoch 7: 100/118 Loss: 2.561007
2022-07-12 19:28:55,053 - INFO - **********Train Epoch 7: averaged Loss: 2.667512, tf_ratio: 1.000000
2022-07-12 19:28:58,094 - INFO - **********Val Epoch 7: average Loss: 2.907883
2022-07-12 19:28:58,095 - INFO - **********Epoch 007:Training Time: 30.1569s/epoch, Inference Time: 3.0396s/epoch
2022-07-12 19:28:58,345 - INFO - Train Epoch 8: 0/118 Loss: 2.634728
2022-07-12 19:29:03,333 - INFO - Train Epoch 8: 20/118 Loss: 2.744244
2022-07-12 19:29:08,917 - INFO - Train Epoch 8: 40/118 Loss: 2.611611
2022-07-12 19:29:13,948 - INFO - Train Epoch 8: 60/118 Loss: 2.983113
2022-07-12 19:29:18,982 - INFO - Train Epoch 8: 80/118 Loss: 2.968042
2022-07-12 19:29:24,004 - INFO - Train Epoch 8: 100/118 Loss: 2.668024
2022-07-12 19:29:28,257 - INFO - **********Train Epoch 8: averaged Loss: 2.640664, tf_ratio: 1.000000
2022-07-12 19:29:31,300 - INFO - **********Val Epoch 8: average Loss: 2.859534
2022-07-12 19:29:31,300 - INFO - **********Epoch 008:Training Time: 30.1637s/epoch, Inference Time: 3.0419s/epoch
2022-07-12 19:29:31,301 - INFO - *********************************Current best model saved!
2022-07-12 19:29:31,558 - INFO - Train Epoch 9: 0/118 Loss: 2.211268
2022-07-12 19:29:36,583 - INFO - Train Epoch 9: 20/118 Loss: 2.643644
2022-07-12 19:29:41,633 - INFO - Train Epoch 9: 40/118 Loss: 2.912740
2022-07-12 19:29:46,661 - INFO - Train Epoch 9: 60/118 Loss: 2.476017
2022-07-12 19:29:51,677 - INFO - Train Epoch 9: 80/118 Loss: 2.508974
2022-07-12 19:29:56,691 - INFO - Train Epoch 9: 100/118 Loss: 2.678659
2022-07-12 19:30:00,945 - INFO - **********Train Epoch 9: averaged Loss: 2.602821, tf_ratio: 1.000000
2022-07-12 19:30:03,986 - INFO - **********Val Epoch 9: average Loss: 2.797238
2022-07-12 19:30:03,986 - INFO - **********Epoch 009:Training Time: 29.6389s/epoch, Inference Time: 3.0395s/epoch
2022-07-12 19:30:03,986 - INFO - *********************************Current best model saved!
2022-07-12 19:30:04,244 - INFO - Train Epoch 10: 0/118 Loss: 2.275348
2022-07-12 19:30:09,245 - INFO - Train Epoch 10: 20/118 Loss: 2.542245
2022-07-12 19:30:14,307 - INFO - Train Epoch 10: 40/118 Loss: 2.695936
2022-07-12 19:30:19,345 - INFO - Train Epoch 10: 60/118 Loss: 2.700871
2022-07-12 19:30:24,361 - INFO - Train Epoch 10: 80/118 Loss: 2.523304
2022-07-12 19:30:29,358 - INFO - Train Epoch 10: 100/118 Loss: 2.288874
2022-07-12 19:30:33,615 - INFO - **********Train Epoch 10: averaged Loss: 2.595571, tf_ratio: 1.000000
2022-07-12 19:30:36,679 - INFO - **********Val Epoch 10: average Loss: 2.966985
2022-07-12 19:30:36,680 - INFO - **********Epoch 010:Training Time: 29.6242s/epoch, Inference Time: 3.0621s/epoch
2022-07-12 19:30:36,931 - INFO - Train Epoch 11: 0/118 Loss: 2.763874
2022-07-12 19:30:41,992 - INFO - Train Epoch 11: 20/118 Loss: 2.531077
2022-07-12 19:30:47,025 - INFO - Train Epoch 11: 40/118 Loss: 2.342362
2022-07-12 19:30:58,605 - INFO - Train Epoch 11: 60/118 Loss: 2.519650
2022-07-12 19:31:03,624 - INFO - Train Epoch 11: 80/118 Loss: 2.406692
2022-07-12 19:31:10,644 - INFO - Train Epoch 11: 100/118 Loss: 2.604867
2022-07-12 19:31:14,914 - INFO - **********Train Epoch 11: averaged Loss: 2.553509, tf_ratio: 1.000000
2022-07-12 19:31:17,988 - INFO - **********Val Epoch 11: average Loss: 2.783642
2022-07-12 19:31:17,989 - INFO - **********Epoch 011:Training Time: 38.2366s/epoch, Inference Time: 3.0723s/epoch
2022-07-12 19:31:17,989 - INFO - *********************************Current best model saved!
2022-07-12 19:31:18,247 - INFO - Train Epoch 12: 0/118 Loss: 2.594422
2022-07-12 19:31:23,265 - INFO - Train Epoch 12: 20/118 Loss: 2.218348
2022-07-12 19:31:28,266 - INFO - Train Epoch 12: 40/118 Loss: 2.441619
2022-07-12 19:31:33,271 - INFO - Train Epoch 12: 60/118 Loss: 2.458211
2022-07-12 19:31:38,322 - INFO - Train Epoch 12: 80/118 Loss: 2.816774
2022-07-12 19:31:48,291 - INFO - Train Epoch 12: 100/118 Loss: 2.721211
2022-07-12 19:31:52,551 - INFO - **********Train Epoch 12: averaged Loss: 2.565581, tf_ratio: 1.000000
2022-07-12 19:31:55,626 - INFO - **********Val Epoch 12: average Loss: 2.792596
2022-07-12 19:31:55,637 - INFO - **********Epoch 012:Training Time: 34.5569s/epoch, Inference Time: 3.0842s/epoch
2022-07-12 19:31:55,889 - INFO - Train Epoch 13: 0/118 Loss: 2.693471
2022-07-12 19:32:00,912 - INFO - Train Epoch 13: 20/118 Loss: 2.148745
2022-07-12 19:32:05,902 - INFO - Train Epoch 13: 40/118 Loss: 2.237601
2022-07-12 19:32:10,890 - INFO - Train Epoch 13: 60/118 Loss: 2.505010
2022-07-12 19:32:15,984 - INFO - Train Epoch 13: 80/118 Loss: 2.496652
2022-07-12 19:32:21,144 - INFO - Train Epoch 13: 100/118 Loss: 2.278824
2022-07-12 19:32:25,523 - INFO - **********Train Epoch 13: averaged Loss: 2.520785, tf_ratio: 1.000000
2022-07-12 19:32:28,694 - INFO - **********Val Epoch 13: average Loss: 2.784647
2022-07-12 19:32:28,694 - INFO - **********Epoch 013:Training Time: 29.8881s/epoch, Inference Time: 3.1689s/epoch
2022-07-12 19:32:28,951 - INFO - Train Epoch 14: 0/118 Loss: 2.450700
2022-07-12 19:32:33,951 - INFO - Train Epoch 14: 20/118 Loss: 2.458874
2022-07-12 19:32:38,950 - INFO - Train Epoch 14: 40/118 Loss: 2.384242
2022-07-12 19:32:43,947 - INFO - Train Epoch 14: 60/118 Loss: 2.479577
2022-07-12 19:32:48,939 - INFO - Train Epoch 14: 80/118 Loss: 2.487482
2022-07-12 19:32:54,032 - INFO - Train Epoch 14: 100/118 Loss: 2.505110
2022-07-12 19:32:58,402 - INFO - **********Train Epoch 14: averaged Loss: 2.496084, tf_ratio: 1.000000
2022-07-12 19:33:01,574 - INFO - **********Val Epoch 14: average Loss: 2.801937
2022-07-12 19:33:01,575 - INFO - **********Epoch 014:Training Time: 29.7087s/epoch, Inference Time: 3.1717s/epoch
2022-07-12 19:33:01,831 - INFO - Train Epoch 15: 0/118 Loss: 2.867825
2022-07-12 19:33:06,886 - INFO - Train Epoch 15: 20/118 Loss: 2.323405
2022-07-12 19:33:11,873 - INFO - Train Epoch 15: 40/118 Loss: 2.577793
2022-07-12 19:33:16,890 - INFO - Train Epoch 15: 60/118 Loss: 2.579488
2022-07-12 19:33:21,907 - INFO - Train Epoch 15: 80/118 Loss: 2.560404
2022-07-12 19:33:27,602 - INFO - Train Epoch 15: 100/118 Loss: 2.415727
2022-07-12 19:33:31,838 - INFO - **********Train Epoch 15: averaged Loss: 2.454611, tf_ratio: 1.000000
2022-07-12 19:33:34,892 - INFO - **********Val Epoch 15: average Loss: 2.759812
2022-07-12 19:33:34,892 - INFO - **********Epoch 015:Training Time: 30.2647s/epoch, Inference Time: 3.0528s/epoch
2022-07-12 19:33:34,892 - INFO - *********************************Current best model saved!
2022-07-12 19:33:35,150 - INFO - Train Epoch 16: 0/118 Loss: 2.492905
2022-07-12 19:33:40,143 - INFO - Train Epoch 16: 20/118 Loss: 2.560763
2022-07-12 19:33:45,127 - INFO - Train Epoch 16: 40/118 Loss: 2.391544
2022-07-12 19:33:57,833 - INFO - Train Epoch 16: 60/118 Loss: 2.476979
2022-07-12 19:34:02,841 - INFO - Train Epoch 16: 80/118 Loss: 2.399428
2022-07-12 19:34:07,854 - INFO - Train Epoch 16: 100/118 Loss: 2.446105
2022-07-12 19:34:12,116 - INFO - **********Train Epoch 16: averaged Loss: 2.439991, tf_ratio: 1.000000
2022-07-12 19:34:15,158 - INFO - **********Val Epoch 16: average Loss: 2.738569
2022-07-12 19:34:15,158 - INFO - **********Epoch 016:Training Time: 37.2182s/epoch, Inference Time: 3.0402s/epoch
2022-07-12 19:34:15,158 - INFO - *********************************Current best model saved!
2022-07-12 19:34:15,415 - INFO - Train Epoch 17: 0/118 Loss: 2.497370
2022-07-12 19:34:20,406 - INFO - Train Epoch 17: 20/118 Loss: 2.544981
2022-07-12 19:34:32,769 - INFO - Train Epoch 17: 40/118 Loss: 2.643816
2022-07-12 19:34:37,782 - INFO - Train Epoch 17: 60/118 Loss: 2.677901
2022-07-12 19:34:42,782 - INFO - Train Epoch 17: 80/118 Loss: 2.426910
2022-07-12 19:34:55,131 - INFO - Train Epoch 17: 100/118 Loss: 2.429483
2022-07-12 19:34:59,367 - INFO - **********Train Epoch 17: averaged Loss: 2.426801, tf_ratio: 1.000000
2022-07-12 19:35:02,404 - INFO - **********Val Epoch 17: average Loss: 2.904887
2022-07-12 19:35:02,404 - INFO - **********Epoch 017:Training Time: 44.2040s/epoch, Inference Time: 3.0352s/epoch
2022-07-12 19:35:02,654 - INFO - Train Epoch 18: 0/118 Loss: 2.476692
2022-07-12 19:35:07,628 - INFO - Train Epoch 18: 20/118 Loss: 2.584134
2022-07-12 19:35:12,603 - INFO - Train Epoch 18: 40/118 Loss: 2.489756
2022-07-12 19:35:17,580 - INFO - Train Epoch 18: 60/118 Loss: 2.513981
2022-07-12 19:35:22,559 - INFO - Train Epoch 18: 80/118 Loss: 2.490329
2022-07-12 19:35:27,533 - INFO - Train Epoch 18: 100/118 Loss: 2.557698
2022-07-12 19:35:31,767 - INFO - **********Train Epoch 18: averaged Loss: 2.440103, tf_ratio: 1.000000
2022-07-12 19:35:34,808 - INFO - **********Val Epoch 18: average Loss: 2.784922
2022-07-12 19:35:34,809 - INFO - **********Epoch 018:Training Time: 29.3646s/epoch, Inference Time: 3.0400s/epoch
2022-07-12 19:35:35,059 - INFO - Train Epoch 19: 0/118 Loss: 2.597592
2022-07-12 19:35:40,057 - INFO - Train Epoch 19: 20/118 Loss: 2.594795
2022-07-12 19:35:45,053 - INFO - Train Epoch 19: 40/118 Loss: 2.127178
2022-07-12 19:36:00,618 - INFO - Train Epoch 19: 60/118 Loss: 2.504709
2022-07-12 19:36:05,622 - INFO - Train Epoch 19: 80/118 Loss: 2.184421
2022-07-12 19:36:10,627 - INFO - Train Epoch 19: 100/118 Loss: 2.543035
2022-07-12 19:36:17,170 - INFO - **********Train Epoch 19: averaged Loss: 2.404664, tf_ratio: 1.000000
2022-07-12 19:36:20,585 - INFO - **********Val Epoch 19: average Loss: 2.768681
2022-07-12 19:36:21,574 - INFO - **********Epoch 019:Training Time: 42.7431s/epoch, Inference Time: 4.0221s/epoch
2022-07-12 19:36:21,824 - INFO - Train Epoch 20: 0/118 Loss: 2.435707
2022-07-12 19:36:26,792 - INFO - Train Epoch 20: 20/118 Loss: 2.497652
2022-07-12 19:36:32,012 - INFO - Train Epoch 20: 40/118 Loss: 2.502734
2022-07-12 19:36:37,004 - INFO - Train Epoch 20: 60/118 Loss: 2.606750
2022-07-12 19:36:42,183 - INFO - Train Epoch 20: 80/118 Loss: 2.310788
2022-07-12 19:36:47,150 - INFO - Train Epoch 20: 100/118 Loss: 2.529526
2022-07-12 19:36:51,394 - INFO - **********Train Epoch 20: averaged Loss: 2.401349, tf_ratio: 1.000000
2022-07-12 19:36:56,737 - INFO - **********Val Epoch 20: average Loss: 2.750131
2022-07-12 19:36:57,685 - INFO - **********Epoch 020:Training Time: 32.1389s/epoch, Inference Time: 3.9716s/epoch
2022-07-12 19:36:57,935 - INFO - Train Epoch 21: 0/118 Loss: 2.845917
2022-07-12 19:37:02,921 - INFO - Train Epoch 21: 20/118 Loss: 2.502560
2022-07-12 19:37:08,445 - INFO - Train Epoch 21: 40/118 Loss: 2.525250
2022-07-12 19:37:13,444 - INFO - Train Epoch 21: 60/118 Loss: 2.674357
2022-07-12 19:37:18,464 - INFO - Train Epoch 21: 80/118 Loss: 2.431574
2022-07-12 19:37:23,479 - INFO - Train Epoch 21: 100/118 Loss: 2.542973
2022-07-12 19:37:30,016 - INFO - **********Train Epoch 21: averaged Loss: 2.435236, tf_ratio: 1.000000
2022-07-12 19:37:36,797 - INFO - **********Val Epoch 21: average Loss: 2.714438
2022-07-12 19:37:36,797 - INFO - **********Epoch 021:Training Time: 36.0548s/epoch, Inference Time: 3.0574s/epoch
2022-07-12 19:37:36,797 - INFO - *********************************Current best model saved!
2022-07-12 19:37:37,055 - INFO - Train Epoch 22: 0/118 Loss: 2.120090
2022-07-12 19:37:42,046 - INFO - Train Epoch 22: 20/118 Loss: 2.485199
2022-07-12 19:37:48,041 - INFO - Train Epoch 22: 40/118 Loss: 2.436377
2022-07-12 19:37:56,215 - INFO - Train Epoch 22: 60/118 Loss: 2.318960
2022-07-12 19:38:01,213 - INFO - Train Epoch 22: 80/118 Loss: 2.552130
2022-07-12 19:38:06,227 - INFO - Train Epoch 22: 100/118 Loss: 2.450625
2022-07-12 19:38:13,305 - INFO - **********Train Epoch 22: averaged Loss: 2.376422, tf_ratio: 1.000000
2022-07-12 19:38:16,368 - INFO - **********Val Epoch 22: average Loss: 2.763586
2022-07-12 19:38:16,368 - INFO - **********Epoch 022:Training Time: 36.5035s/epoch, Inference Time: 3.0603s/epoch
2022-07-12 19:38:16,618 - INFO - Train Epoch 23: 0/118 Loss: 2.590387
2022-07-12 19:38:21,605 - INFO - Train Epoch 23: 20/118 Loss: 2.433709
2022-07-12 19:38:28,361 - INFO - Train Epoch 23: 40/118 Loss: 2.444950
2022-07-12 19:38:37,179 - INFO - Train Epoch 23: 60/118 Loss: 2.189424
2022-07-12 19:38:44,913 - INFO - Train Epoch 23: 80/118 Loss: 2.136734
2022-07-12 19:38:49,879 - INFO - Train Epoch 23: 100/118 Loss: 2.514144
2022-07-12 19:38:55,243 - INFO - **********Train Epoch 23: averaged Loss: 2.354455, tf_ratio: 1.000000
2022-07-12 19:38:58,286 - INFO - **********Val Epoch 23: average Loss: 2.745507
2022-07-12 19:38:58,287 - INFO - **********Epoch 023:Training Time: 38.8763s/epoch, Inference Time: 3.0422s/epoch
2022-07-12 19:38:58,537 - INFO - Train Epoch 24: 0/118 Loss: 2.281933
2022-07-12 19:39:03,522 - INFO - Train Epoch 24: 20/118 Loss: 2.458720
2022-07-12 19:39:08,499 - INFO - Train Epoch 24: 40/118 Loss: 2.485637
2022-07-12 19:39:13,484 - INFO - Train Epoch 24: 60/118 Loss: 2.463297
2022-07-12 19:39:20,007 - INFO - Train Epoch 24: 80/118 Loss: 2.141268
2022-07-12 19:39:25,006 - INFO - Train Epoch 24: 100/118 Loss: 2.408489
2022-07-12 19:39:29,269 - INFO - **********Train Epoch 24: averaged Loss: 2.363504, tf_ratio: 1.000000
2022-07-12 19:39:32,330 - INFO - **********Val Epoch 24: average Loss: 2.847468
2022-07-12 19:39:32,330 - INFO - **********Epoch 024:Training Time: 30.9847s/epoch, Inference Time: 3.0591s/epoch
2022-07-12 19:39:32,581 - INFO - Train Epoch 25: 0/118 Loss: 2.405550
2022-07-12 19:39:37,565 - INFO - Train Epoch 25: 20/118 Loss: 2.376989
2022-07-12 19:39:42,547 - INFO - Train Epoch 25: 40/118 Loss: 2.446326
2022-07-12 19:39:47,551 - INFO - Train Epoch 25: 60/118 Loss: 2.479180
2022-07-12 19:39:52,564 - INFO - Train Epoch 25: 80/118 Loss: 2.338607
2022-07-12 19:39:57,549 - INFO - Train Epoch 25: 100/118 Loss: 2.338620
2022-07-12 19:40:04,622 - INFO - **********Train Epoch 25: averaged Loss: 2.362228, tf_ratio: 1.000000
2022-07-12 19:40:07,690 - INFO - **********Val Epoch 25: average Loss: 2.769722
2022-07-12 19:40:07,690 - INFO - **********Epoch 025:Training Time: 32.2945s/epoch, Inference Time: 3.0649s/epoch
2022-07-12 19:40:07,941 - INFO - Train Epoch 26: 0/118 Loss: 2.324553
2022-07-12 19:40:12,966 - INFO - Train Epoch 26: 20/118 Loss: 2.368628
2022-07-12 19:40:19,033 - INFO - Train Epoch 26: 40/118 Loss: 2.282014
2022-07-12 19:40:24,062 - INFO - Train Epoch 26: 60/118 Loss: 2.402969
2022-07-12 19:40:29,068 - INFO - Train Epoch 26: 80/118 Loss: 2.299826
2022-07-12 19:40:34,068 - INFO - Train Epoch 26: 100/118 Loss: 2.250788
2022-07-12 19:40:39,464 - INFO - **********Train Epoch 26: averaged Loss: 2.359075, tf_ratio: 1.000000
2022-07-12 19:40:42,516 - INFO - **********Val Epoch 26: average Loss: 2.736118
2022-07-12 19:40:42,516 - INFO - **********Epoch 026:Training Time: 31.7762s/epoch, Inference Time: 3.0500s/epoch
2022-07-12 19:40:42,770 - INFO - Train Epoch 27: 0/118 Loss: 2.188192
2022-07-12 19:40:47,774 - INFO - Train Epoch 27: 20/118 Loss: 2.469551
2022-07-12 19:40:52,781 - INFO - Train Epoch 27: 40/118 Loss: 2.338529
2022-07-12 19:40:57,786 - INFO - Train Epoch 27: 60/118 Loss: 2.198602
2022-07-12 19:41:02,780 - INFO - Train Epoch 27: 80/118 Loss: 2.417742
2022-07-12 19:41:07,770 - INFO - Train Epoch 27: 100/118 Loss: 2.388577
2022-07-12 19:41:12,007 - INFO - **********Train Epoch 27: averaged Loss: 2.345970, tf_ratio: 1.000000
2022-07-12 19:41:15,042 - INFO - **********Val Epoch 27: average Loss: 2.857622
2022-07-12 19:41:15,043 - INFO - **********Epoch 027:Training Time: 29.4923s/epoch, Inference Time: 3.0337s/epoch
2022-07-12 19:41:15,292 - INFO - Train Epoch 28: 0/118 Loss: 2.682615
2022-07-12 19:41:20,275 - INFO - Train Epoch 28: 20/118 Loss: 2.231971
2022-07-12 19:41:25,279 - INFO - Train Epoch 28: 40/118 Loss: 2.310569
2022-07-12 19:41:30,286 - INFO - Train Epoch 28: 60/118 Loss: 2.340981
2022-07-12 19:41:35,279 - INFO - Train Epoch 28: 80/118 Loss: 2.229112
2022-07-12 19:41:43,321 - INFO - Train Epoch 28: 100/118 Loss: 2.628530
2022-07-12 19:41:54,048 - INFO - **********Train Epoch 28: averaged Loss: 2.359554, tf_ratio: 1.000000
2022-07-12 19:41:57,267 - INFO - **********Val Epoch 28: average Loss: 2.690977
2022-07-12 19:41:57,267 - INFO - **********Epoch 028:Training Time: 39.0072s/epoch, Inference Time: 3.2170s/epoch
2022-07-12 19:41:57,267 - INFO - *********************************Current best model saved!
2022-07-12 19:41:57,533 - INFO - Train Epoch 29: 0/118 Loss: 2.125120
2022-07-12 19:42:02,687 - INFO - Train Epoch 29: 20/118 Loss: 2.266883
2022-07-12 19:42:07,831 - INFO - Train Epoch 29: 40/118 Loss: 2.367618
2022-07-12 19:42:12,947 - INFO - Train Epoch 29: 60/118 Loss: 2.450852
2022-07-12 19:42:18,006 - INFO - Train Epoch 29: 80/118 Loss: 2.310194
2022-07-12 19:42:22,984 - INFO - Train Epoch 29: 100/118 Loss: 2.316317
2022-07-12 19:42:27,275 - INFO - **********Train Epoch 29: averaged Loss: 2.343530, tf_ratio: 1.000000
2022-07-12 19:42:30,335 - INFO - **********Val Epoch 29: average Loss: 2.737827
2022-07-12 19:42:30,335 - INFO - **********Epoch 029:Training Time: 30.0022s/epoch, Inference Time: 3.0576s/epoch
2022-07-12 19:42:30,585 - INFO - Train Epoch 30: 0/118 Loss: 2.344286
2022-07-12 19:42:35,594 - INFO - Train Epoch 30: 20/118 Loss: 2.242675
2022-07-12 19:42:42,136 - INFO - Train Epoch 30: 40/118 Loss: 2.377011
2022-07-12 19:42:49,179 - INFO - Train Epoch 30: 60/118 Loss: 2.231450
2022-07-12 19:42:54,211 - INFO - Train Epoch 30: 80/118 Loss: 2.228206
2022-07-12 19:42:59,231 - INFO - Train Epoch 30: 100/118 Loss: 2.403250
2022-07-12 19:43:07,420 - INFO - **********Train Epoch 30: averaged Loss: 2.342240, tf_ratio: 1.000000
2022-07-12 19:43:10,475 - INFO - **********Val Epoch 30: average Loss: 2.732388
2022-07-12 19:43:10,475 - INFO - **********Epoch 030:Training Time: 37.0873s/epoch, Inference Time: 3.0528s/epoch
2022-07-12 19:43:10,730 - INFO - Train Epoch 31: 0/118 Loss: 2.169613
2022-07-12 19:43:15,726 - INFO - Train Epoch 31: 20/118 Loss: 2.357588
2022-07-12 19:43:21,729 - INFO - Train Epoch 31: 40/118 Loss: 2.430685
2022-07-12 19:43:29,666 - INFO - Train Epoch 31: 60/118 Loss: 2.266659
2022-07-12 19:43:34,676 - INFO - Train Epoch 31: 80/118 Loss: 2.398116
2022-07-12 19:43:39,700 - INFO - Train Epoch 31: 100/118 Loss: 2.752010
2022-07-12 19:43:46,560 - INFO - **********Train Epoch 31: averaged Loss: 2.363670, tf_ratio: 1.000000
2022-07-12 19:43:49,591 - INFO - **********Val Epoch 31: average Loss: 2.744295
2022-07-12 19:43:49,591 - INFO - **********Epoch 031:Training Time: 36.0869s/epoch, Inference Time: 3.0287s/epoch
2022-07-12 19:43:49,841 - INFO - Train Epoch 32: 0/118 Loss: 2.320242
2022-07-12 19:43:54,822 - INFO - Train Epoch 32: 20/118 Loss: 2.252809
2022-07-12 19:43:59,895 - INFO - Train Epoch 32: 40/118 Loss: 2.441090
2022-07-12 19:44:04,882 - INFO - Train Epoch 32: 60/118 Loss: 2.301937
2022-07-12 19:44:09,891 - INFO - Train Epoch 32: 80/118 Loss: 2.310189
2022-07-12 19:44:14,877 - INFO - Train Epoch 32: 100/118 Loss: 2.066684
2022-07-12 19:44:23,884 - INFO - **********Train Epoch 32: averaged Loss: 2.311922, tf_ratio: 1.000000
2022-07-12 19:44:26,935 - INFO - **********Val Epoch 32: average Loss: 2.676605
2022-07-12 19:44:29,587 - INFO - **********Epoch 032:Training Time: 34.2945s/epoch, Inference Time: 5.7007s/epoch
2022-07-12 19:44:29,587 - INFO - *********************************Current best model saved!
2022-07-12 19:44:29,845 - INFO - Train Epoch 33: 0/118 Loss: 2.266084
2022-07-12 19:44:34,995 - INFO - Train Epoch 33: 20/118 Loss: 2.235848
2022-07-12 19:44:40,145 - INFO - Train Epoch 33: 40/118 Loss: 2.200254
2022-07-12 19:44:45,281 - INFO - Train Epoch 33: 60/118 Loss: 2.349958
2022-07-12 19:44:50,264 - INFO - Train Epoch 33: 80/118 Loss: 2.343920
2022-07-12 19:44:55,249 - INFO - Train Epoch 33: 100/118 Loss: 2.237376
2022-07-12 19:44:59,492 - INFO - **********Train Epoch 33: averaged Loss: 2.331411, tf_ratio: 1.000000
2022-07-12 19:45:02,529 - INFO - **********Val Epoch 33: average Loss: 2.726082
2022-07-12 19:45:02,529 - INFO - **********Epoch 033:Training Time: 29.8997s/epoch, Inference Time: 3.0355s/epoch
2022-07-12 19:45:02,779 - INFO - Train Epoch 34: 0/118 Loss: 2.417215
2022-07-12 19:45:07,771 - INFO - Train Epoch 34: 20/118 Loss: 2.327152
2022-07-12 19:45:12,763 - INFO - Train Epoch 34: 40/118 Loss: 2.330402
2022-07-12 19:45:17,761 - INFO - Train Epoch 34: 60/118 Loss: 2.245847
2022-07-12 19:45:22,805 - INFO - Train Epoch 34: 80/118 Loss: 2.366083
2022-07-12 19:45:27,794 - INFO - Train Epoch 34: 100/118 Loss: 2.320285
2022-07-12 19:45:32,040 - INFO - **********Train Epoch 34: averaged Loss: 2.313437, tf_ratio: 1.000000
2022-07-12 19:45:38,548 - INFO - **********Val Epoch 34: average Loss: 2.690817
2022-07-12 19:45:38,560 - INFO - **********Epoch 034:Training Time: 32.9489s/epoch, Inference Time: 3.0820s/epoch
2022-07-12 19:45:38,811 - INFO - Train Epoch 35: 0/118 Loss: 2.413126
2022-07-12 19:45:43,883 - INFO - Train Epoch 35: 20/118 Loss: 2.175465
2022-07-12 19:45:48,891 - INFO - Train Epoch 35: 40/118 Loss: 2.351896
2022-07-12 19:45:53,928 - INFO - Train Epoch 35: 60/118 Loss: 2.373203
2022-07-12 19:45:58,927 - INFO - Train Epoch 35: 80/118 Loss: 2.359409
2022-07-12 19:46:03,929 - INFO - Train Epoch 35: 100/118 Loss: 2.408138
2022-07-12 19:46:08,188 - INFO - **********Train Epoch 35: averaged Loss: 2.315005, tf_ratio: 1.000000
2022-07-12 19:46:11,261 - INFO - **********Val Epoch 35: average Loss: 2.723921
2022-07-12 19:46:11,261 - INFO - **********Epoch 035:Training Time: 29.6298s/epoch, Inference Time: 3.0711s/epoch
2022-07-12 19:46:11,513 - INFO - Train Epoch 36: 0/118 Loss: 2.393086
2022-07-12 19:46:16,531 - INFO - Train Epoch 36: 20/118 Loss: 2.275335
2022-07-12 19:46:21,542 - INFO - Train Epoch 36: 40/118 Loss: 2.370818
2022-07-12 19:46:26,544 - INFO - Train Epoch 36: 60/118 Loss: 2.497341
2022-07-12 19:46:31,561 - INFO - Train Epoch 36: 80/118 Loss: 2.145448
2022-07-12 19:46:36,567 - INFO - Train Epoch 36: 100/118 Loss: 2.194059
2022-07-12 19:46:40,828 - INFO - **********Train Epoch 36: averaged Loss: 2.299626, tf_ratio: 1.000000
2022-07-12 19:46:43,876 - INFO - **********Val Epoch 36: average Loss: 2.743808
2022-07-12 19:46:43,877 - INFO - **********Epoch 036:Training Time: 29.5678s/epoch, Inference Time: 3.0471s/epoch
2022-07-12 19:46:44,132 - INFO - Train Epoch 37: 0/118 Loss: 2.107531
2022-07-12 19:46:49,158 - INFO - Train Epoch 37: 20/118 Loss: 2.165910
2022-07-12 19:46:54,182 - INFO - Train Epoch 37: 40/118 Loss: 2.183196
2022-07-12 19:46:59,256 - INFO - Train Epoch 37: 60/118 Loss: 2.218075
2022-07-12 19:47:04,253 - INFO - Train Epoch 37: 80/118 Loss: 2.237717
2022-07-12 19:47:09,256 - INFO - Train Epoch 37: 100/118 Loss: 2.327591
2022-07-12 19:47:13,529 - INFO - **********Train Epoch 37: averaged Loss: 2.289860, tf_ratio: 1.000000
2022-07-12 19:47:16,604 - INFO - **********Val Epoch 37: average Loss: 2.703850
2022-07-12 19:47:16,604 - INFO - **********Epoch 037:Training Time: 29.6660s/epoch, Inference Time: 3.0612s/epoch
2022-07-12 19:47:16,854 - INFO - Train Epoch 38: 0/118 Loss: 2.134190
2022-07-12 19:47:22,092 - INFO - Train Epoch 38: 20/118 Loss: 2.265974
2022-07-12 19:47:35,302 - INFO - Train Epoch 38: 40/118 Loss: 2.351972
2022-07-12 19:47:41,122 - INFO - Train Epoch 38: 60/118 Loss: 2.409542
2022-07-12 19:47:52,374 - INFO - Train Epoch 38: 80/118 Loss: 2.264664
2022-07-12 19:48:02,480 - INFO - Train Epoch 38: 100/118 Loss: 2.171279
2022-07-12 19:48:16,888 - INFO - **********Train Epoch 38: averaged Loss: 2.293096, tf_ratio: 1.000000
2022-07-12 19:48:24,972 - INFO - **********Val Epoch 38: average Loss: 2.692459
2022-07-12 19:48:28,096 - INFO - **********Epoch 038:Training Time: 61.3763s/epoch, Inference Time: 10.1155s/epoch
2022-07-12 19:48:28,541 - INFO - Train Epoch 39: 0/118 Loss: 2.113551
2022-07-12 19:48:36,913 - INFO - Train Epoch 39: 20/118 Loss: 2.072154
2022-07-12 19:48:46,583 - INFO - Train Epoch 39: 40/118 Loss: 2.365123
2022-07-12 19:49:02,458 - INFO - Train Epoch 39: 60/118 Loss: 2.374282
2022-07-12 19:49:12,541 - INFO - Train Epoch 39: 80/118 Loss: 2.065022
2022-07-12 19:49:26,810 - INFO - Train Epoch 39: 100/118 Loss: 2.261643
2022-07-12 19:49:35,402 - INFO - **********Train Epoch 39: averaged Loss: 2.301214, tf_ratio: 1.000000
2022-07-12 19:49:41,022 - INFO - **********Val Epoch 39: average Loss: 2.732420
2022-07-12 19:49:41,022 - INFO - **********Epoch 039:Training Time: 67.3079s/epoch, Inference Time: 5.6186s/epoch
2022-07-12 19:49:41,509 - INFO - Train Epoch 40: 0/118 Loss: 2.409340
2022-07-12 19:49:51,633 - INFO - Train Epoch 40: 20/118 Loss: 2.052154
2022-07-12 19:50:01,714 - INFO - Train Epoch 40: 40/118 Loss: 2.283196
2022-07-12 19:50:14,564 - INFO - Train Epoch 40: 60/118 Loss: 1.973977
2022-07-12 19:50:24,674 - INFO - Train Epoch 40: 80/118 Loss: 2.034745
2022-07-12 19:50:35,628 - INFO - Train Epoch 40: 100/118 Loss: 2.370435
2022-07-12 19:50:44,212 - INFO - **********Train Epoch 40: averaged Loss: 2.271903, tf_ratio: 1.000000
2022-07-12 19:50:49,829 - INFO - **********Val Epoch 40: average Loss: 2.713055
2022-07-12 19:50:49,829 - INFO - **********Epoch 040:Training Time: 63.1914s/epoch, Inference Time: 5.6153s/epoch
2022-07-12 19:50:50,310 - INFO - Train Epoch 41: 0/118 Loss: 2.494262
2022-07-12 19:51:00,375 - INFO - Train Epoch 41: 20/118 Loss: 2.349747
2022-07-12 19:51:10,462 - INFO - Train Epoch 41: 40/118 Loss: 2.176787
2022-07-12 19:51:23,484 - INFO - Train Epoch 41: 60/118 Loss: 2.127502
2022-07-12 19:51:36,102 - INFO - Train Epoch 41: 80/118 Loss: 2.205126
2022-07-12 19:51:46,076 - INFO - Train Epoch 41: 100/118 Loss: 2.397299
2022-07-12 19:51:56,387 - INFO - **********Train Epoch 41: averaged Loss: 2.275508, tf_ratio: 1.000000
2022-07-12 19:52:02,018 - INFO - **********Val Epoch 41: average Loss: 2.706128
2022-07-12 19:52:02,018 - INFO - **********Epoch 041:Training Time: 66.5599s/epoch, Inference Time: 5.6286s/epoch
2022-07-12 19:52:02,521 - INFO - Train Epoch 42: 0/118 Loss: 2.073536
2022-07-12 19:52:12,647 - INFO - Train Epoch 42: 20/118 Loss: 2.104839
2022-07-12 19:52:22,757 - INFO - Train Epoch 42: 40/118 Loss: 2.175276
2022-07-12 19:52:32,835 - INFO - Train Epoch 42: 60/118 Loss: 1.979997
2022-07-12 19:52:42,968 - INFO - Train Epoch 42: 80/118 Loss: 2.228848
2022-07-12 19:52:53,069 - INFO - Train Epoch 42: 100/118 Loss: 2.240900
2022-07-12 19:53:01,616 - INFO - **********Train Epoch 42: averaged Loss: 2.276670, tf_ratio: 1.000000
2022-07-12 19:53:07,311 - INFO - **********Val Epoch 42: average Loss: 2.735297
2022-07-12 19:53:07,311 - INFO - **********Epoch 042:Training Time: 59.6149s/epoch, Inference Time: 5.6782s/epoch
2022-07-12 19:53:07,822 - INFO - Train Epoch 43: 0/118 Loss: 2.263036
2022-07-12 19:53:17,902 - INFO - Train Epoch 43: 20/118 Loss: 2.262963
2022-07-12 19:53:27,987 - INFO - Train Epoch 43: 40/118 Loss: 2.075251
2022-07-12 19:53:38,067 - INFO - Train Epoch 43: 60/118 Loss: 2.189113
2022-07-12 19:53:48,146 - INFO - Train Epoch 43: 80/118 Loss: 2.112590
2022-07-12 19:53:58,180 - INFO - Train Epoch 43: 100/118 Loss: 2.350595
2022-07-12 19:54:07,294 - INFO - **********Train Epoch 43: averaged Loss: 2.256626, tf_ratio: 1.000000
2022-07-12 19:54:12,687 - INFO - **********Val Epoch 43: average Loss: 2.716268
2022-07-12 19:54:18,580 - INFO - **********Epoch 043:Training Time: 59.9845s/epoch, Inference Time: 11.2841s/epoch
2022-07-12 19:54:19,091 - INFO - Train Epoch 44: 0/118 Loss: 2.403158
2022-07-12 19:54:29,149 - INFO - Train Epoch 44: 20/118 Loss: 2.369661
2022-07-12 19:54:39,237 - INFO - Train Epoch 44: 40/118 Loss: 1.769674
2022-07-12 19:54:49,335 - INFO - Train Epoch 44: 60/118 Loss: 2.133049
2022-07-12 19:54:59,448 - INFO - Train Epoch 44: 80/118 Loss: 2.385345
2022-07-12 19:55:08,175 - INFO - Train Epoch 44: 100/118 Loss: 2.404368
2022-07-12 19:55:15,302 - INFO - **********Train Epoch 44: averaged Loss: 2.265135, tf_ratio: 1.000000
2022-07-12 19:55:22,315 - INFO - **********Val Epoch 44: average Loss: 2.710922
2022-07-12 19:55:22,315 - INFO - **********Epoch 044:Training Time: 56.7233s/epoch, Inference Time: 7.0118s/epoch
2022-07-12 19:55:22,818 - INFO - Train Epoch 45: 0/118 Loss: 2.232250
2022-07-12 19:55:32,898 - INFO - Train Epoch 45: 20/118 Loss: 2.202992
2022-07-12 19:55:42,995 - INFO - Train Epoch 45: 40/118 Loss: 2.140669
2022-07-12 19:55:53,081 - INFO - Train Epoch 45: 60/118 Loss: 2.179859
2022-07-12 19:56:03,453 - INFO - Train Epoch 45: 80/118 Loss: 2.196353
2022-07-12 19:56:13,507 - INFO - Train Epoch 45: 100/118 Loss: 2.279202
2022-07-12 19:56:20,743 - INFO - **********Train Epoch 45: averaged Loss: 2.268570, tf_ratio: 1.000000
2022-07-12 19:56:27,735 - INFO - **********Val Epoch 45: average Loss: 2.784137
2022-07-12 19:56:27,735 - INFO - **********Epoch 045:Training Time: 58.4300s/epoch, Inference Time: 6.9900s/epoch
2022-07-12 19:56:28,238 - INFO - Train Epoch 46: 0/118 Loss: 2.104573
2022-07-12 19:56:38,330 - INFO - Train Epoch 46: 20/118 Loss: 2.401955
2022-07-12 19:56:48,420 - INFO - Train Epoch 46: 40/118 Loss: 2.247286
2022-07-12 19:56:58,507 - INFO - Train Epoch 46: 60/118 Loss: 2.311656
2022-07-12 19:57:10,093 - INFO - Train Epoch 46: 80/118 Loss: 2.376553
2022-07-12 19:57:19,952 - INFO - Train Epoch 46: 100/118 Loss: 2.561522
2022-07-12 19:57:31,955 - INFO - **********Train Epoch 46: averaged Loss: 2.258232, tf_ratio: 1.000000
2022-07-12 19:57:38,954 - INFO - **********Val Epoch 46: average Loss: 2.706190
2022-07-12 19:57:38,967 - INFO - **********Epoch 046:Training Time: 64.2213s/epoch, Inference Time: 7.0097s/epoch
2022-07-12 19:57:39,473 - INFO - Train Epoch 47: 0/118 Loss: 2.181750
2022-07-12 19:57:46,167 - INFO - Train Epoch 47: 20/118 Loss: 2.260483
2022-07-12 19:57:57,419 - INFO - Train Epoch 47: 40/118 Loss: 2.219070
2022-07-12 19:58:07,557 - INFO - Train Epoch 47: 60/118 Loss: 2.328885
2022-07-12 19:58:17,658 - INFO - Train Epoch 47: 80/118 Loss: 2.600954
2022-07-12 19:58:27,493 - INFO - Train Epoch 47: 100/118 Loss: 2.194427
2022-07-12 19:58:42,586 - INFO - **********Train Epoch 47: averaged Loss: 2.242612, tf_ratio: 1.000000
2022-07-12 19:58:49,632 - INFO - **********Val Epoch 47: average Loss: 2.732996
2022-07-12 19:58:49,633 - INFO - **********Epoch 047:Training Time: 63.6219s/epoch, Inference Time: 7.0440s/epoch
2022-07-12 19:58:49,633 - INFO - Validation performance didn't improve for 15 epochs. Training stops.
2022-07-12 19:58:49,633 - INFO - Average Training Time: 39.1564 secs/epoch
2022-07-12 19:58:49,633 - INFO - Average Inference Time: 4.1342 secs
2022-07-12 19:58:49,633 - INFO - Total training time: 33.9126min, best loss: 2.676605
2022-07-12 19:58:49,714 - INFO - Saving current best model to ./pre-trained/PEMS07M/TGCRN/1_TranNoaW04best_model0.pth
2022-07-12 19:58:56,998 - INFO - ------Horizon 01, MAE: 1.3850, RMSE: 2.3469, MAPE: 3.1714%
2022-07-12 19:58:57,003 - INFO - ------Horizon 02, MAE: 1.8316, RMSE: 3.3112, MAPE: 4.2737%
2022-07-12 19:58:57,007 - INFO - ------Horizon 03, MAE: 2.1601, RMSE: 4.0589, MAPE: 5.1513%
2022-07-12 19:58:57,011 - INFO - ------Horizon 04, MAE: 2.4047, RMSE: 4.6398, MAPE: 5.8699%
2022-07-12 19:58:57,014 - INFO - ------Horizon 05, MAE: 2.5889, RMSE: 5.0810, MAPE: 6.4464%
2022-07-12 19:58:57,020 - INFO - ------Horizon 06, MAE: 2.7338, RMSE: 5.4289, MAPE: 6.9119%
2022-07-12 19:58:57,026 - INFO - ------Horizon 07, MAE: 2.8541, RMSE: 5.7134, MAPE: 7.2994%
2022-07-12 19:58:57,031 - INFO - ------Horizon 08, MAE: 2.9573, RMSE: 5.9475, MAPE: 7.6299%
2022-07-12 19:58:57,037 - INFO - ------Horizon 09, MAE: 3.0479, RMSE: 6.1412, MAPE: 7.9113%
2022-07-12 19:58:57,042 - INFO - ------Horizon 10, MAE: 3.1313, RMSE: 6.3051, MAPE: 8.1640%
2022-07-12 19:58:57,048 - INFO - ------Horizon 11, MAE: 3.2103, RMSE: 6.4432, MAPE: 8.4073%
2022-07-12 19:58:57,070 - INFO - ------Horizon 12, MAE: 3.2850, RMSE: 6.5614, MAPE: 8.6324%
2022-07-12 19:58:57,094 - INFO - ------Average Horizon, MAE: 2.6325, RMSE: 5.3215, MAPE: 6.6557%
2022-07-12 19:58:57,095 - INFO - 

Results for 1 runs


2022-07-12 19:58:57,095 - INFO - test	MAE	RMSE	MAPE
2022-07-12 19:58:57,095 - INFO - mean:	2.6325	5.3215	6.6557%
2022-07-12 19:58:57,096 - INFO - std:	0.0000	0.0000	0.0000%
